<?xml version="1.0" encoding="UTF-8"?>
<!-- Generated by org.testng.reporters.JUnitReportReporter -->
<testsuite ignored="0" hostname="CHRISTIE-HW" failures="0" tests="1" name="prueba.NewTest" time="4.319" errors="0" timestamp="28 Jul 2023 18:32:16 GMT" skipped="0">
  <testcase classname="prueba.NewTest" name="tc01" time="4.319"/>
</testsuite> <!-- prueba.NewTest -->
