<?xml version="1.0" encoding="UTF-8"?>
<!-- Generated by org.testng.reporters.JUnitReportReporter -->
<testsuite ignored="0" hostname="CHRISTIE-HW" failures="0" tests="1" name="prueba.NewTest" time="3.416" errors="0" timestamp="22 Jul 2023 16:46:23 GMT" skipped="0">
  <testcase classname="prueba.NewTest" name="tc01" time="3.416"/>
</testsuite> <!-- prueba.NewTest -->
