<?xml version="1.0" encoding="UTF-8"?>
<!-- Generated by org.testng.reporters.JUnitReportReporter -->
<testsuite ignored="0" hostname="CHRISTIE-HW" failures="0" tests="1" name="prueba.Ejemplo_Hard_Assertion" time="3.815" errors="0" timestamp="12 Aug 2023 15:28:44 GMT" skipped="0">
  <testcase classname="prueba.Ejemplo_Hard_Assertion" name="f" time="3.815"/>
</testsuite> <!-- prueba.Ejemplo_Hard_Assertion -->
