<?xml version="1.0" encoding="UTF-8"?>
<!-- Generated by org.testng.reporters.JUnitReportReporter -->
<testsuite ignored="0" hostname="CHRISTIE-HW" failures="0" tests="1" name="loginTestCases.TC_01_Login" time="0.462" errors="0" timestamp="12 Aug 2023 16:52:23 GMT" skipped="0">
  <testcase classname="loginTestCases.TC_01_Login" name="TC_01" time="0.462"/>
</testsuite> <!-- loginTestCases.TC_01_Login -->
